<?xml version="1.0" encoding="UTF-8"?>
<!-- Generated by org.testng.reporters.JUnitReportReporter -->
<testsuite skipped="0" hostname="LAPTOP-0AOM9FTS" name="com.hrm.qa.testcases.MyInfoPageTest" tests="2" failures="0" timestamp="2022-03-16T10:29:01 EDT" time="13.555" errors="0">
  <testcase name="verifyMyInfoIsDisplayedTest" time="6.125" classname="com.hrm.qa.testcases.MyInfoPageTest"/>
  <system-out/>
  <testcase name="clickOnMyInfoTabTest" time="7.430" classname="com.hrm.qa.testcases.MyInfoPageTest"/>
  <system-out/>
</testsuite> <!-- com.hrm.qa.testcases.MyInfoPageTest -->
