<?xml version="1.0" encoding="UTF-8"?>
<!-- Generated by org.testng.reporters.JUnitReportReporter -->
<testsuite skipped="0" hostname="LAPTOP-0AOM9FTS" name="com.hrm.qa.testcases.DashboardPageTest" tests="2" failures="0" timestamp="2022-03-16T10:29:01 EDT" time="13.061" errors="0">
  <testcase name="verifyDashboardTitleTest" time="7.671" classname="com.hrm.qa.testcases.DashboardPageTest"/>
  <system-out/>
  <testcase name="verifyDashBoardHeaderTest" time="5.390" classname="com.hrm.qa.testcases.DashboardPageTest"/>
  <system-out/>
</testsuite> <!-- com.hrm.qa.testcases.DashboardPageTest -->
