<?xml version="1.0" encoding="UTF-8"?>
<!-- Generated by org.testng.reporters.JUnitReportReporter -->
<testsuite skipped="0" hostname="LAPTOP-0AOM9FTS" name="com.hrm.qa.testcases.LoginPageTest" tests="3" failures="0" timestamp="2022-03-16T10:29:01 EDT" time="11.338" errors="0">
  <testcase name="loginPageTitleTest" time="3.043" classname="com.hrm.qa.testcases.LoginPageTest"/>
  <system-out/>
  <testcase name="crmLogoImageTest" time="3.211" classname="com.hrm.qa.testcases.LoginPageTest"/>
  <system-out/>
  <testcase name="loginTest" time="5.084" classname="com.hrm.qa.testcases.LoginPageTest"/>
  <system-out/>
</testsuite> <!-- com.hrm.qa.testcases.LoginPageTest -->
